c:\users\nikki\source\repos\3dproject\3dproject\debug\vc142.pdb
c:\users\nikki\source\repos\3dproject\3dproject\debug\vc142.idb
c:\users\nikki\source\repos\3dproject\3dproject\debug\winmain.obj
c:\users\nikki\source\repos\3dproject\3dproject\debug\window.obj
c:\users\nikki\source\repos\3dproject\3dproject\debug\graphics.obj
c:\users\nikki\source\repos\3dproject\3dproject\debug\deferredrendering.obj
c:\users\nikki\source\repos\3dproject\3dproject\debug\camera.obj
c:\users\nikki\source\repos\3dproject\debug\xapobaseredist.pdb
c:\users\nikki\source\repos\3dproject\debug\xaudio2_9redist.pdb
c:\users\nikki\source\repos\3dproject\debug\xaudio2_9redist.dll
c:\users\nikki\source\repos\3dproject\debug\pixelshader.cso
c:\users\nikki\source\repos\3dproject\debug\vertexshader.cso
c:\users\nikki\source\repos\3dproject\debug\3dproject.pdb
c:\users\nikki\source\repos\3dproject\3dproject\debug\3dproject.tlog\cl.command.1.tlog
c:\users\nikki\source\repos\3dproject\3dproject\debug\3dproject.tlog\cl.read.1.tlog
c:\users\nikki\source\repos\3dproject\3dproject\debug\3dproject.tlog\cl.write.1.tlog
c:\users\nikki\source\repos\3dproject\3dproject\debug\3dproject.tlog\copylocal.read.1u.tlog
c:\users\nikki\source\repos\3dproject\3dproject\debug\3dproject.tlog\copylocal.write.1u.tlog
c:\users\nikki\source\repos\3dproject\3dproject\debug\3dproject.tlog\fxc.command.1.tlog
c:\users\nikki\source\repos\3dproject\3dproject\debug\3dproject.tlog\fxc.read.1.tlog
c:\users\nikki\source\repos\3dproject\3dproject\debug\3dproject.tlog\fxc.write.1.tlog
c:\users\nikki\source\repos\3dproject\3dproject\debug\3dproject.tlog\link-cvtres.read.1.tlog
c:\users\nikki\source\repos\3dproject\3dproject\debug\3dproject.tlog\link-cvtres.write.1.tlog
c:\users\nikki\source\repos\3dproject\3dproject\debug\3dproject.tlog\link-rc.read.1.tlog
c:\users\nikki\source\repos\3dproject\3dproject\debug\3dproject.tlog\link-rc.write.1.tlog
c:\users\nikki\source\repos\3dproject\3dproject\debug\3dproject.tlog\link.command.1.tlog
c:\users\nikki\source\repos\3dproject\3dproject\debug\3dproject.tlog\link.read.1.tlog
c:\users\nikki\source\repos\3dproject\3dproject\debug\3dproject.tlog\link.write.1.tlog
