c:\users\nikki\source\repos\3dproject\3dproject\x64\debug\vc142.pdb
c:\users\nikki\source\repos\3dproject\3dproject\x64\debug\vc142.idb
c:\users\nikki\source\repos\3dproject\3dproject\x64\debug\winmain.obj
c:\users\nikki\source\repos\3dproject\3dproject\x64\debug\window.obj
c:\users\nikki\source\repos\3dproject\3dproject\x64\debug\graphics.obj
c:\users\nikki\source\repos\3dproject\3dproject\x64\debug\deferredrendering.obj
c:\users\nikki\source\repos\3dproject\3dproject\x64\debug\camera.obj
c:\users\nikki\source\repos\3dproject\3dproject\x64\debug\xapobaseredist.pdb
c:\users\nikki\source\repos\3dproject\3dproject\x64\debug\xaudio2_9redist.pdb
c:\users\nikki\source\repos\3dproject\3dproject\x64\debug\xaudio2_9redist.dll
c:\users\nikki\source\repos\3dproject\3dproject\x64\debug\pixelshader.cso
c:\users\nikki\source\repos\3dproject\3dproject\x64\debug\vertexshader.cso
c:\users\nikki\source\repos\3dproject\3dproject\x64\debug\finalpasspixelshader.cso
c:\users\nikki\source\repos\3dproject\3dproject\x64\debug\finalpassvertexshader.cso
c:\users\nikki\source\repos\3dproject\3dproject\x64\debug\3dproject.exe
c:\users\nikki\source\repos\3dproject\3dproject\x64\debug\3dproject.ilk
c:\users\nikki\source\repos\3dproject\3dproject\x64\debug\3dproject.pdb
c:\users\nikki\source\repos\3dproject\3dproject\x64\debug\3dproject.tlog\cl.command.1.tlog
c:\users\nikki\source\repos\3dproject\3dproject\x64\debug\3dproject.tlog\cl.read.1.tlog
c:\users\nikki\source\repos\3dproject\3dproject\x64\debug\3dproject.tlog\cl.write.1.tlog
c:\users\nikki\source\repos\3dproject\3dproject\x64\debug\3dproject.tlog\copylocal.read.1u.tlog
c:\users\nikki\source\repos\3dproject\3dproject\x64\debug\3dproject.tlog\copylocal.write.1u.tlog
c:\users\nikki\source\repos\3dproject\3dproject\x64\debug\3dproject.tlog\fxc.command.1.tlog
c:\users\nikki\source\repos\3dproject\3dproject\x64\debug\3dproject.tlog\fxc.read.1.tlog
c:\users\nikki\source\repos\3dproject\3dproject\x64\debug\3dproject.tlog\fxc.write.1.tlog
c:\users\nikki\source\repos\3dproject\3dproject\x64\debug\3dproject.tlog\link.command.1.tlog
c:\users\nikki\source\repos\3dproject\3dproject\x64\debug\3dproject.tlog\link.read.1.tlog
c:\users\nikki\source\repos\3dproject\3dproject\x64\debug\3dproject.tlog\link.write.1.tlog
